<?xml version="1.0" encoding="UTF-8"?>
<!-- Generated by org.testng.reporters.JUnitXMLReporter -->
<testsuite hostname="PRFT-13388" ignored="0" tests="4" failures="0" timestamp="14 May 2019 15:41:16 GMT" time="40.069" errors="0">
  <testcase name="verifyHomePageTitleTest" time="0.019" classname="HomePageTest"/>
  <testcase name="verifyusernamelabel" time="0.062" classname="HomePageTest"/>
  <testcase name="verifycontactlink" time="1.923" classname="HomePageTest"/>
  <testcase name="testGetTextFromDropDown" time="2.749" classname="HomePageTest"/>
</testsuite>
