<?xml version="1.0" encoding="UTF-8"?>
<!-- Generated by org.testng.reporters.JUnitXMLReporter -->
<testsuite hostname="PRFT-13388" ignored="0" tests="6" failures="0" timestamp="16 May 2019 15:06:56 GMT" time="61.874" errors="0">
  <testcase name="verifyHomePageTitleTest" time="0.026" classname="HomePageTest"/>
  <testcase name="verifyusernamelabel" time="0.059" classname="HomePageTest"/>
  <testcase name="verifycontactlink" time="2.937" classname="HomePageTest"/>
  <testcase name="testGetTextFromDropDown" time="2.458" classname="HomePageTest"/>
  <testcase name="verifyDropDownValues" time="2.624" classname="HomePageTest"/>
  <testcase name="OpenNewEbayTest" time="2.733" classname="HomePageTest"/>
</testsuite>
