<?xml version="1.0" encoding="UTF-8"?>
<testng-results skipped="0" failed="0" ignored="0" total="4" passed="4">
  <reporter-output>
  </reporter-output>
  <suite name="Default suite" duration-ms="40069" started-at="2019-05-14T15:40:36Z" finished-at="2019-05-14T15:41:16Z">
    <groups>
    </groups>
    <test name="Default test" duration-ms="40069" started-at="2019-05-14T15:40:36Z" finished-at="2019-05-14T15:41:16Z">
      <class name="HomePageTest">
        <test-method status="PASS" signature="setup()[pri:0, instance:HomePageTest@5b275dab]" name="setup" is-config="true" duration-ms="9133" started-at="2019-05-14T10:40:36Z" finished-at="2019-05-14T10:40:45Z">
          <reporter-output>
          </reporter-output>
        </test-method> <!-- setup -->
        <test-method status="PASS" signature="verifyHomePageTitleTest()[pri:1, instance:HomePageTest@5b275dab]" name="verifyHomePageTitleTest" duration-ms="19" started-at="2019-05-14T10:40:45Z" finished-at="2019-05-14T10:40:45Z">
          <reporter-output>
          </reporter-output>
        </test-method> <!-- verifyHomePageTitleTest -->
        <test-method status="PASS" signature="teardown()[pri:0, instance:HomePageTest@5b275dab]" name="teardown" is-config="true" duration-ms="697" started-at="2019-05-14T10:40:45Z" finished-at="2019-05-14T10:40:46Z">
          <reporter-output>
          </reporter-output>
        </test-method> <!-- teardown -->
        <test-method status="PASS" signature="setup()[pri:0, instance:HomePageTest@5b275dab]" name="setup" is-config="true" duration-ms="7589" started-at="2019-05-14T10:40:46Z" finished-at="2019-05-14T10:40:53Z">
          <reporter-output>
          </reporter-output>
        </test-method> <!-- setup -->
        <test-method status="PASS" signature="verifyusernamelabel()[pri:2, instance:HomePageTest@5b275dab]" name="verifyusernamelabel" duration-ms="62" started-at="2019-05-14T10:40:53Z" finished-at="2019-05-14T10:40:53Z">
          <reporter-output>
          </reporter-output>
        </test-method> <!-- verifyusernamelabel -->
        <test-method status="PASS" signature="teardown()[pri:0, instance:HomePageTest@5b275dab]" name="teardown" is-config="true" duration-ms="724" started-at="2019-05-14T10:40:53Z" finished-at="2019-05-14T10:40:54Z">
          <reporter-output>
          </reporter-output>
        </test-method> <!-- teardown -->
        <test-method status="PASS" signature="setup()[pri:0, instance:HomePageTest@5b275dab]" name="setup" is-config="true" duration-ms="7483" started-at="2019-05-14T10:40:54Z" finished-at="2019-05-14T10:41:01Z">
          <reporter-output>
          </reporter-output>
        </test-method> <!-- setup -->
        <test-method status="PASS" signature="verifycontactlink()[pri:3, instance:HomePageTest@5b275dab]" name="verifycontactlink" duration-ms="1923" started-at="2019-05-14T10:41:01Z" finished-at="2019-05-14T10:41:03Z">
          <reporter-output>
          </reporter-output>
        </test-method> <!-- verifycontactlink -->
        <test-method status="PASS" signature="teardown()[pri:0, instance:HomePageTest@5b275dab]" name="teardown" is-config="true" duration-ms="736" started-at="2019-05-14T10:41:03Z" finished-at="2019-05-14T10:41:04Z">
          <reporter-output>
          </reporter-output>
        </test-method> <!-- teardown -->
        <test-method status="PASS" signature="setup()[pri:0, instance:HomePageTest@5b275dab]" name="setup" is-config="true" duration-ms="8178" started-at="2019-05-14T10:41:04Z" finished-at="2019-05-14T10:41:12Z">
          <reporter-output>
          </reporter-output>
        </test-method> <!-- setup -->
        <test-method status="PASS" signature="testGetTextFromDropDown()[pri:4, instance:HomePageTest@5b275dab]" name="testGetTextFromDropDown" duration-ms="2749" started-at="2019-05-14T10:41:12Z" finished-at="2019-05-14T10:41:15Z">
          <reporter-output>
          </reporter-output>
        </test-method> <!-- testGetTextFromDropDown -->
        <test-method status="PASS" signature="teardown()[pri:0, instance:HomePageTest@5b275dab]" name="teardown" is-config="true" duration-ms="742" started-at="2019-05-14T10:41:15Z" finished-at="2019-05-14T10:41:16Z">
          <reporter-output>
          </reporter-output>
        </test-method> <!-- teardown -->
      </class> <!-- HomePageTest -->
    </test> <!-- Default test -->
  </suite> <!-- Default suite -->
</testng-results>
